<?xml version="1.0" encoding="UTF-8"?>
<!-- Generated by org.testng.reporters.JUnitXMLReporter -->
<testsuite ignored="10" hostname="LTIN520940" failures="0" tests="8" name="Test" time="33.595" errors="0" timestamp="2024-05-19T11:07:04 GMT-04:00">
  <testcase classname="WorldClock.TestMain" name="userInfo" time="11.71"/>
  <testcase classname="WorldClock.TestMain" name="Test_WorldClock_Title" time="0.457"/>
  <testcase classname="WorldClock.TestMain" name="bangloreTimeZone" time="0.203"/>
  <testcase classname="WorldClock.TestMain" name="londonTime" time="0.278"/>
  <testcase classname="WorldClock.TestMain" name="NewYorkTime" time="0.206"/>
  <testcase classname="WorldClock.TestMain" name="viewApps" time="12.551"/>
  <testcase classname="WorldClock.TestMain" name="appsAlphabet" time="0.912"/>
  <testcase classname="WorldClock.TestMain" name="randomAlphabet" time="7.002"/>
  <testcase classname="WorldClock.TestMain" name="NewYorkWatchTitle" time="0.0">
    <ignored/>
  </testcase> <!-- NewYorkWatchTitle -->
  <testcase classname="WorldClock.TestMain" name="londonTimeGap" time="0.0">
    <ignored/>
  </testcase> <!-- londonTimeGap -->
  <testcase classname="WorldClock.TestMain" name="NewYorkTimeGap" time="0.0">
    <ignored/>
  </testcase> <!-- NewYorkTimeGap -->
  <testcase classname="WorldClock.TestMain" name="bangaloreDate" time="0.0">
    <ignored/>
  </testcase> <!-- bangaloreDate -->
  <testcase classname="WorldClock.TestMain" name="londonDate" time="0.0">
    <ignored/>
  </testcase> <!-- londonDate -->
  <testcase classname="WorldClock.TestMain" name="scroll" time="0.0">
    <ignored/>
  </testcase> <!-- scroll -->
  <testcase classname="WorldClock.TestMain" name="bangaloreWatchTitle" time="0.0">
    <ignored/>
  </testcase> <!-- bangaloreWatchTitle -->
  <testcase classname="WorldClock.TestMain" name="bangaloreTime" time="0.0">
    <ignored/>
  </testcase> <!-- bangaloreTime -->
  <testcase classname="WorldClock.TestMain" name="NewYorkDate" time="0.0">
    <ignored/>
  </testcase> <!-- NewYorkDate -->
  <testcase classname="WorldClock.TestMain" name="londonWatchTitle" time="0.0">
    <ignored/>
  </testcase> <!-- londonWatchTitle -->
</testsuite> <!-- Test -->
