<?xml version="1.0" encoding="UTF-8"?>
<testng-results ignored="0" total="8" passed="8" failed="0" skipped="0">
  <reporter-output>
  </reporter-output>
  <suite started-at="2024-05-19T11:06:31 GMT-04:00" name="Suite" finished-at="2024-05-19T11:07:04 GMT-04:00" duration-ms="33595">
    <groups>
    </groups>
    <test started-at="2024-05-19T11:06:31 GMT-04:00" name="Test" finished-at="2024-05-19T11:07:04 GMT-04:00" duration-ms="33595">
      <class name="WorldClock.TestMain">
        <test-method is-config="true" signature="openPage()[pri:0, instance:WorldClock.TestMain@5aa9e4eb]" started-at="2024-05-19T11:06:19 GMT-04:00" name="openPage" finished-at="2024-05-19T11:06:31 GMT-04:00" duration-ms="11875" status="PASS">
          <reporter-output>
          </reporter-output>
        </test-method> <!-- openPage -->
        <test-method signature="userInfo()[pri:1, instance:WorldClock.TestMain@5aa9e4eb]" started-at="2024-05-19T11:06:31 GMT-04:00" name="userInfo" finished-at="2024-05-19T11:06:43 GMT-04:00" duration-ms="11710" status="PASS">
          <reporter-output>
          </reporter-output>
        </test-method> <!-- userInfo -->
        <test-method signature="Test_WorldClock_Title()[pri:2, instance:WorldClock.TestMain@5aa9e4eb]" started-at="2024-05-19T11:06:43 GMT-04:00" name="Test_WorldClock_Title" finished-at="2024-05-19T11:06:43 GMT-04:00" duration-ms="457" status="PASS">
          <reporter-output>
          </reporter-output>
        </test-method> <!-- Test_WorldClock_Title -->
        <test-method signature="bangloreTimeZone()[pri:3, instance:WorldClock.TestMain@5aa9e4eb]" started-at="2024-05-19T11:06:43 GMT-04:00" name="bangloreTimeZone" finished-at="2024-05-19T11:06:44 GMT-04:00" duration-ms="203" status="PASS">
          <reporter-output>
          </reporter-output>
        </test-method> <!-- bangloreTimeZone -->
        <test-method signature="londonTime()[pri:8, instance:WorldClock.TestMain@5aa9e4eb]" started-at="2024-05-19T11:06:44 GMT-04:00" name="londonTime" finished-at="2024-05-19T11:06:44 GMT-04:00" duration-ms="278" status="PASS">
          <reporter-output>
          </reporter-output>
        </test-method> <!-- londonTime -->
        <test-method signature="NewYorkTime()[pri:12, instance:WorldClock.TestMain@5aa9e4eb]" started-at="2024-05-19T11:06:44 GMT-04:00" name="NewYorkTime" finished-at="2024-05-19T11:06:44 GMT-04:00" duration-ms="206" status="PASS">
          <reporter-output>
          </reporter-output>
        </test-method> <!-- NewYorkTime -->
        <test-method signature="viewApps()[pri:16, instance:WorldClock.TestMain@5aa9e4eb]" started-at="2024-05-19T11:06:44 GMT-04:00" name="viewApps" finished-at="2024-05-19T11:06:57 GMT-04:00" duration-ms="12551" status="PASS">
          <reporter-output>
          </reporter-output>
        </test-method> <!-- viewApps -->
        <test-method signature="appsAlphabet()[pri:17, instance:WorldClock.TestMain@5aa9e4eb]" started-at="2024-05-19T11:06:57 GMT-04:00" name="appsAlphabet" finished-at="2024-05-19T11:06:57 GMT-04:00" duration-ms="912" status="PASS">
          <reporter-output>
          </reporter-output>
        </test-method> <!-- appsAlphabet -->
        <test-method signature="randomAlphabet()[pri:18, instance:WorldClock.TestMain@5aa9e4eb]" started-at="2024-05-19T11:06:57 GMT-04:00" name="randomAlphabet" finished-at="2024-05-19T11:07:04 GMT-04:00" duration-ms="7002" status="PASS">
          <reporter-output>
          </reporter-output>
        </test-method> <!-- randomAlphabet -->
        <test-method is-config="true" signature="closeBrowser()[pri:0, instance:WorldClock.TestMain@5aa9e4eb]" started-at="2024-05-19T11:07:05 GMT-04:00" name="closeBrowser" finished-at="2024-05-19T11:07:18 GMT-04:00" duration-ms="13041" status="PASS">
          <reporter-output>
          </reporter-output>
        </test-method> <!-- closeBrowser -->
      </class> <!-- WorldClock.TestMain -->
    </test> <!-- Test -->
  </suite> <!-- Suite -->
</testng-results>
